<?xml version="1.0" encoding="UTF-8"?>
<!-- Generated by org.testng.reporters.JUnitReportReporter -->
<testsuite hostname="ShansPC" failures="0" tests="3" name="TestNG.dataproviderclass" time="16.058" errors="0" timestamp="2024-09-01T17:01:45 GMT-05:00" skipped="0">
  <testcase classname="TestNG.dataproviderclass" name="checking" time="5.166"/>
  <system-out/>
  <testcase classname="TestNG.dataproviderclass" name="checking" time="5.307"/>
  <system-out/>
  <testcase classname="TestNG.dataproviderclass" name="checking" time="5.585"/>
  <system-out/>
</testsuite> <!-- TestNG.dataproviderclass -->
