<?xml version="1.0" encoding="UTF-8"?>
<!-- Generated by org.testng.reporters.JUnitReportReporter -->
<testsuite hostname="ShansPC" failures="0" tests="3" name="TestNG.priority" time="62.895" errors="0" timestamp="2025-01-02T13:52:09 GMT-05:00" skipped="0">
  <testcase classname="TestNG.priority" name="openingCNNBCSite" time="6.262"/>
  <system-out/>
  <testcase classname="TestNG.priority" name="openingAmazonSite" time="4.654"/>
  <system-out/>
  <testcase classname="TestNG.priority" name="openingYahooSite" time="51.979"/>
  <system-out/>
</testsuite> <!-- TestNG.priority -->
