<?xml version="1.0" encoding="UTF-8"?>
<!-- Generated by org.testng.reporters.JUnitReportReporter -->
<testsuite hostname="ShansPC" failures="0" tests="3" name="TestNG.program1" time="40.430" errors="0" timestamp="2024-08-31T12:21:46 GMT-05:00" skipped="0">
  <testcase classname="TestNG.program1" name="openingAmazonSite" time="6.208"/>
  <system-out/>
  <testcase classname="TestNG.program1" name="openingYahooSite" time="28.600"/>
  <system-out/>
  <testcase classname="TestNG.program1" name="openingCnbcSite" time="5.622"/>
  <system-out/>
</testsuite> <!-- TestNG.program1 -->
